<?xml version="1.0" encoding="UTF-8"?>
<!-- Generated by org.testng.reporters.JUnitReportReporter -->
<testsuite hostname="IN-5CG8410CNX" failures="0" tests="2" name="client.logout" time="32.165" errors="0" timestamp="2025-07-07T16:42:44 WAT" skipped="0">
  <testcase classname="client.logout" name="B_logout_test" time="11.543"/>
  <testcase classname="client.logout" name="A_login_test" time="20.622"/>
</testsuite> <!-- client.logout -->
