<?xml version="1.0" encoding="UTF-8"?>
<!-- Generated by org.testng.reporters.JUnitReportReporter -->
<testsuite hostname="IN-5CG8410CNX" failures="0" tests="1" name="client.Forgot_password" time="0.037" errors="1" timestamp="2025-07-07T13:49:30 WAT" skipped="0">
  <testcase classname="client.Forgot_password" name="test" time="0.037">
    <error message="A session is either terminated or not started
Build info: version: &#039;4.11.0&#039;, revision: &#039;040bc5406b&#039;
System info: os.name: &#039;Windows 10&#039;, os.arch: &#039;amd64&#039;, os.version: &#039;10.0&#039;, java.version: &#039;21.0.7&#039;
Driver info: io.appium.java_client.android.AndroidDriver
Command: [b71f090e-0b74-4ff3-8433-0057ddb4e45f, findElement {using=-android uiautomator, value=new UiSelector().className(&quot;android.widget.ImageView&quot;).instance(3)}]
Capabilities {appium:app: C:\Users\hp\onfleekQ\onflee..., appium:appActivity: com.onfleekq.client.MainAct..., appium:appPackage: com.onfleekq.client, appium:automationName: uiautomator2, appium:databaseEnabled: false, appium:desired: {app: C:\Users\hp\onfleekQ\onflee..., automationName: uiautomator2, platformName: ANDROID, uiautomator2ServerLaunchTimeout: 60000}, appium:deviceApiLevel: 31, appium:deviceManufacturer: TECNO, appium:deviceModel: TECNO BF6, appium:deviceName: 192.168.137.128:35907, appium:deviceScreenDensity: 320, appium:deviceScreenSize: 720x1612, appium:deviceUDID: 192.168.137.128:35907, appium:javascriptEnabled: true, appium:locationContextEnabled: false, appium:networkConnectionEnabled: true, appium:pixelRatio: 2, appium:platformVersion: 12, appium:statBarHeight: 72, appium:takesScreenshot: true, appium:uiautomator2ServerLaunchTimeout: 60000, appium:viewportRect: {height: 1540, left: 0, top: 72, width: 720}, appium:warnings: {}, appium:webStorageEnabled: false, platformName: ANDROID}
Session ID: b71f090e-0b74-4ff3-8433-0057ddb4e45f" type="org.openqa.selenium.NoSuchSessionException">
      <![CDATA[org.openqa.selenium.NoSuchSessionException: A session is either terminated or not started
Build info: version: '4.11.0', revision: '040bc5406b'
System info: os.name: 'Windows 10', os.arch: 'amd64', os.version: '10.0', java.version: '21.0.7'
Driver info: io.appium.java_client.android.AndroidDriver
Command: [b71f090e-0b74-4ff3-8433-0057ddb4e45f, findElement {using=-android uiautomator, value=new UiSelector().className("android.widget.ImageView").instance(3)}]
Capabilities {appium:app: C:\Users\hp\onfleekQ\onflee..., appium:appActivity: com.onfleekq.client.MainAct..., appium:appPackage: com.onfleekq.client, appium:automationName: uiautomator2, appium:databaseEnabled: false, appium:desired: {app: C:\Users\hp\onfleekQ\onflee..., automationName: uiautomator2, platformName: ANDROID, uiautomator2ServerLaunchTimeout: 60000}, appium:deviceApiLevel: 31, appium:deviceManufacturer: TECNO, appium:deviceModel: TECNO BF6, appium:deviceName: 192.168.137.128:35907, appium:deviceScreenDensity: 320, appium:deviceScreenSize: 720x1612, appium:deviceUDID: 192.168.137.128:35907, appium:javascriptEnabled: true, appium:locationContextEnabled: false, appium:networkConnectionEnabled: true, appium:pixelRatio: 2, appium:platformVersion: 12, appium:statBarHeight: 72, appium:takesScreenshot: true, appium:uiautomator2ServerLaunchTimeout: 60000, appium:viewportRect: {height: 1540, left: 0, top: 72, width: 720}, appium:warnings: {}, appium:webStorageEnabled: false, platformName: ANDROID}
Session ID: b71f090e-0b74-4ff3-8433-0057ddb4e45f
at java.base/jdk.internal.reflect.DirectConstructorHandleAccessor.newInstance(DirectConstructorHandleAccessor.java:62)
at java.base/java.lang.reflect.Constructor.newInstanceWithCaller(Constructor.java:502)
at java.base/java.lang.reflect.Constructor.newInstance(Constructor.java:486)
at org.openqa.selenium.remote.codec.w3c.W3CHttpResponseCodec.createException(W3CHttpResponseCodec.java:200)
at org.openqa.selenium.remote.codec.w3c.W3CHttpResponseCodec.decode(W3CHttpResponseCodec.java:133)
at org.openqa.selenium.remote.codec.w3c.W3CHttpResponseCodec.decode(W3CHttpResponseCodec.java:52)
at org.openqa.selenium.remote.HttpCommandExecutor.execute(HttpCommandExecutor.java:191)
at io.appium.java_client.remote.AppiumCommandExecutor.execute(AppiumCommandExecutor.java:250)
at org.openqa.selenium.remote.RemoteWebDriver.execute(RemoteWebDriver.java:518)
at org.openqa.selenium.remote.ElementLocation$ElementFinder$2.findElement(ElementLocation.java:165)
at org.openqa.selenium.remote.ElementLocation.findElement(ElementLocation.java:66)
at org.openqa.selenium.remote.RemoteWebDriver.findElement(RemoteWebDriver.java:355)
at org.openqa.selenium.remote.RemoteWebDriver.findElement(RemoteWebDriver.java:349)
at org.openqa.selenium.support.ui.ExpectedConditions$7.apply(ExpectedConditions.java:194)
at org.openqa.selenium.support.ui.ExpectedConditions$7.apply(ExpectedConditions.java:190)
at org.openqa.selenium.support.ui.FluentWait.until(FluentWait.java:205)
at client.Forgot_password.test(Forgot_password.java:42)
at java.base/jdk.internal.reflect.DirectMethodHandleAccessor.invoke(DirectMethodHandleAccessor.java:103)
at java.base/java.lang.reflect.Method.invoke(Method.java:580)
at org.testng.internal.invokers.MethodInvocationHelper.invokeMethod(MethodInvocationHelper.java:141)
at org.testng.internal.invokers.TestInvoker.invokeMethod(TestInvoker.java:687)
at org.testng.internal.invokers.TestInvoker.invokeTestMethod(TestInvoker.java:230)
at org.testng.internal.invokers.MethodRunner.runInSequence(MethodRunner.java:63)
at org.testng.internal.invokers.TestInvoker$MethodInvocationAgent.invoke(TestInvoker.java:995)
at org.testng.internal.invokers.TestInvoker.invokeTestMethods(TestInvoker.java:203)
at org.testng.internal.invokers.TestMethodWorker.invokeTestMethods(TestMethodWorker.java:154)
at org.testng.internal.invokers.TestMethodWorker.run(TestMethodWorker.java:134)
at java.base/java.util.ArrayList.forEach(ArrayList.java:1596)
at org.testng.TestRunner.privateRun(TestRunner.java:741)
at org.testng.TestRunner.run(TestRunner.java:616)
at org.testng.SuiteRunner.runTest(SuiteRunner.java:421)
at org.testng.SuiteRunner.runSequentially(SuiteRunner.java:413)
at org.testng.SuiteRunner.privateRun(SuiteRunner.java:373)
at org.testng.SuiteRunner.run(SuiteRunner.java:312)
at org.testng.SuiteRunnerWorker.runSuite(SuiteRunnerWorker.java:52)
at org.testng.SuiteRunnerWorker.run(SuiteRunnerWorker.java:95)
at org.testng.TestNG.runSuitesSequentially(TestNG.java:1274)
at org.testng.TestNG.runSuitesLocally(TestNG.java:1208)
at org.testng.TestNG.runSuites(TestNG.java:1112)
at org.testng.TestNG.run(TestNG.java:1079)
at org.testng.remote.AbstractRemoteTestNG.run(AbstractRemoteTestNG.java:115)
at org.testng.remote.RemoteTestNG.initAndRun(RemoteTestNG.java:293)
at org.testng.remote.RemoteTestNG.main(RemoteTestNG.java:91)
]]>
    </error>
  </testcase> <!-- test -->
</testsuite> <!-- client.Forgot_password -->
